<?xml version="1.0" encoding="UTF-8"?>
<testsuite xmlns:xsi="http://www.w3.org/2001/XMLSchema-instance" xsi:noNamespaceSchemaLocation="https://maven.apache.org/surefire/maven-surefire-plugin/xsd/surefire-test-report.xsd" name="CommunityCenterTest" time="0.001" tests="6" errors="6" skipped="0" failures="0">
  <properties>
    <property name="gopherProxySet" value="false"/>
    <property name="awt.toolkit" value="sun.lwawt.macosx.LWCToolkit"/>
    <property name="file.encoding.pkg" value="sun.io"/>
    <property name="java.specification.version" value="1.8"/>
    <property name="sun.cpu.isalist" value=""/>
    <property name="sun.jnu.encoding" value="UTF-8"/>
    <property name="java.class.path" value="/Users/joel/Documents/GitHub/IFT6002_E-CLIN-1/target/test-classes:/Users/joel/Documents/GitHub/IFT6002_E-CLIN-1/target/classes:/Users/joel/.m2/repository/junit/junit/4.12/junit-4.12.jar:/Users/joel/.m2/repository/org/hamcrest/hamcrest-core/1.3/hamcrest-core-1.3.jar:"/>
    <property name="java.vm.vendor" value="Oracle Corporation"/>
    <property name="sun.arch.data.model" value="64"/>
    <property name="java.vendor.url" value="http://java.oracle.com/"/>
    <property name="user.timezone" value=""/>
    <property name="java.vm.specification.version" value="1.8"/>
    <property name="os.name" value="Mac OS X"/>
    <property name="user.country" value="FR"/>
    <property name="sun.java.launcher" value="SUN_STANDARD"/>
    <property name="sun.boot.library.path" value="/Library/Java/JavaVirtualMachines/jdk1.8.0_161.jdk/Contents/Home/jre/lib"/>
    <property name="sun.java.command" value="/Users/joel/Documents/GitHub/IFT6002_E-CLIN-1/target/surefire/surefirebooter4325110342912145465.jar /Users/joel/Documents/GitHub/IFT6002_E-CLIN-1/target/surefire 2019-09-11T19-37-39_643-jvmRun1 surefire3932768728194347485tmp surefire_02501606117709606892tmp"/>
    <property name="http.nonProxyHosts" value="local|*.local|169.254/16|*.169.254/16"/>
    <property name="surefire.test.class.path" value="/Users/joel/Documents/GitHub/IFT6002_E-CLIN-1/target/test-classes:/Users/joel/Documents/GitHub/IFT6002_E-CLIN-1/target/classes:/Users/joel/.m2/repository/junit/junit/4.12/junit-4.12.jar:/Users/joel/.m2/repository/org/hamcrest/hamcrest-core/1.3/hamcrest-core-1.3.jar:"/>
    <property name="sun.cpu.endian" value="little"/>
    <property name="user.home" value="/Users/joel"/>
    <property name="user.language" value="fr"/>
    <property name="java.specification.vendor" value="Oracle Corporation"/>
    <property name="java.home" value="/Library/Java/JavaVirtualMachines/jdk1.8.0_161.jdk/Contents/Home/jre"/>
    <property name="basedir" value="/Users/joel/Documents/GitHub/IFT6002_E-CLIN-1"/>
    <property name="file.separator" value="/"/>
    <property name="line.separator" value="&#10;"/>
    <property name="java.vm.specification.vendor" value="Oracle Corporation"/>
    <property name="java.specification.name" value="Java Platform API Specification"/>
    <property name="java.awt.graphicsenv" value="sun.awt.CGraphicsEnvironment"/>
    <property name="surefire.real.class.path" value="/Users/joel/Documents/GitHub/IFT6002_E-CLIN-1/target/surefire/surefirebooter4325110342912145465.jar"/>
    <property name="sun.boot.class.path" value="/Library/Java/JavaVirtualMachines/jdk1.8.0_161.jdk/Contents/Home/jre/lib/resources.jar:/Library/Java/JavaVirtualMachines/jdk1.8.0_161.jdk/Contents/Home/jre/lib/rt.jar:/Library/Java/JavaVirtualMachines/jdk1.8.0_161.jdk/Contents/Home/jre/lib/sunrsasign.jar:/Library/Java/JavaVirtualMachines/jdk1.8.0_161.jdk/Contents/Home/jre/lib/jsse.jar:/Library/Java/JavaVirtualMachines/jdk1.8.0_161.jdk/Contents/Home/jre/lib/jce.jar:/Library/Java/JavaVirtualMachines/jdk1.8.0_161.jdk/Contents/Home/jre/lib/charsets.jar:/Library/Java/JavaVirtualMachines/jdk1.8.0_161.jdk/Contents/Home/jre/lib/jfr.jar:/Library/Java/JavaVirtualMachines/jdk1.8.0_161.jdk/Contents/Home/jre/classes"/>
    <property name="sun.management.compiler" value="HotSpot 64-Bit Tiered Compilers"/>
    <property name="ftp.nonProxyHosts" value="local|*.local|169.254/16|*.169.254/16"/>
    <property name="java.runtime.version" value="1.8.0_161-b12"/>
    <property name="user.name" value="joel"/>
    <property name="path.separator" value=":"/>
    <property name="os.version" value="10.13.5"/>
    <property name="java.endorsed.dirs" value="/Library/Java/JavaVirtualMachines/jdk1.8.0_161.jdk/Contents/Home/jre/lib/endorsed"/>
    <property name="java.runtime.name" value="Java(TM) SE Runtime Environment"/>
    <property name="file.encoding" value="UTF-8"/>
    <property name="java.vm.name" value="Java HotSpot(TM) 64-Bit Server VM"/>
    <property name="localRepository" value="/Users/joel/.m2/repository"/>
    <property name="java.vendor.url.bug" value="http://bugreport.sun.com/bugreport/"/>
    <property name="java.io.tmpdir" value="/var/folders/9d/wq9jrjyn3v77t0yk_hb_y8vh0000gn/T/"/>
    <property name="java.version" value="1.8.0_161"/>
    <property name="user.dir" value="/Users/joel/Documents/GitHub/IFT6002_E-CLIN-1"/>
    <property name="os.arch" value="x86_64"/>
    <property name="java.vm.specification.name" value="Java Virtual Machine Specification"/>
    <property name="java.awt.printerjob" value="sun.lwawt.macosx.CPrinterJob"/>
    <property name="user.language.format" value="en"/>
    <property name="sun.os.patch.level" value="unknown"/>
    <property name="java.library.path" value="/Users/joel/Library/Java/Extensions:/Library/Java/Extensions:/Network/Library/Java/Extensions:/System/Library/Java/Extensions:/usr/lib/java:."/>
    <property name="java.vm.info" value="mixed mode"/>
    <property name="java.vendor" value="Oracle Corporation"/>
    <property name="java.vm.version" value="25.161-b12"/>
    <property name="java.ext.dirs" value="/Users/joel/Library/Java/Extensions:/Library/Java/JavaVirtualMachines/jdk1.8.0_161.jdk/Contents/Home/jre/lib/ext:/Library/Java/Extensions:/Network/Library/Java/Extensions:/System/Library/Java/Extensions:/usr/lib/java"/>
    <property name="sun.io.unicode.encoding" value="UnicodeBig"/>
    <property name="java.class.version" value="52.0"/>
    <property name="socksNonProxyHosts" value="local|*.local|169.254/16|*.169.254/16"/>
  </properties>
  <testcase name="secondPatientIs2ndInTheNurseListUsingFIFO" classname="CommunityCenterTest" time="0">
    <error message="CommunityCenter" type="java.lang.NoClassDefFoundError">java.lang.NoClassDefFoundError: CommunityCenter
	at CommunityCenterTest.secondPatientIs2ndInTheNurseListUsingFIFO(CommunityCenterTest.java:30)
Caused by: java.lang.ClassNotFoundException: CommunityCenter
	at CommunityCenterTest.secondPatientIs2ndInTheNurseListUsingFIFO(CommunityCenterTest.java:30)
</error>
  </testcase>
  <testcase name="uniquePatientIs1stInTheNurseList" classname="CommunityCenterTest" time="0">
    <error message="CommunityCenter" type="java.lang.NoClassDefFoundError">java.lang.NoClassDefFoundError: CommunityCenter
	at CommunityCenterTest.uniquePatientIs1stInTheNurseList(CommunityCenterTest.java:21)
</error>
  </testcase>
  <testcase name="nurseListIsInitiallyEmpty" classname="CommunityCenterTest" time="0">
    <error message="CommunityCenter" type="java.lang.NoClassDefFoundError">java.lang.NoClassDefFoundError: CommunityCenter
	at CommunityCenterTest.nurseListIsInitiallyEmpty(CommunityCenterTest.java:15)
</error>
  </testcase>
  <testcase name="gravity1PatientNotAddedToTheNurseList" classname="CommunityCenterTest" time="0">
    <error message="CommunityCenter" type="java.lang.NoClassDefFoundError">java.lang.NoClassDefFoundError: CommunityCenter
	at CommunityCenterTest.gravity1PatientNotAddedToTheNurseList(CommunityCenterTest.java:69)
</error>
  </testcase>
  <testcase name="firstPatientIsNow2ndInTheNurseListUsingGravity" classname="CommunityCenterTest" time="0">
    <error message="CommunityCenter" type="java.lang.NoClassDefFoundError">java.lang.NoClassDefFoundError: CommunityCenter
	at CommunityCenterTest.firstPatientIsNow2ndInTheNurseListUsingGravity(CommunityCenterTest.java:52)
</error>
  </testcase>
  <testcase name="secondPriorityPatientIs1stInTheNurseListUsingGravity" classname="CommunityCenterTest" time="0">
    <error message="CommunityCenter" type="java.lang.NoClassDefFoundError">java.lang.NoClassDefFoundError: CommunityCenter
	at CommunityCenterTest.secondPriorityPatientIs1stInTheNurseListUsingGravity(CommunityCenterTest.java:41)
</error>
  </testcase>
</testsuite>